<?xml version="1.0" encoding="UTF-8"?>
<!-- Generated by org.testng.reporters.JUnitXMLReporter -->
<testsuite ignored="0" hostname="LAPTOP-VRR6SMTC" failures="0" tests="5" name="Regression Tests" time="24.257" errors="0" timestamp="2026-07-04T18:52:13 IST">
  <testcase classname="tests.LoginTest" name="verifyValidLogin" time="2.166"/>
  <testcase classname="tests.AddToCartTest" name="verifyAddProductToCart" time="2.66"/>
  <testcase classname="tests.CartTest" name="verifyCartPage" time="2.06"/>
  <testcase classname="tests.LogoutTest" name="verifyLogout" time="2.732"/>
  <testcase classname="tests.CheckoutTest" name="verifyCheckout" time="3.655"/>
</testsuite> <!-- Regression Tests -->
