<?xml version="1.0" encoding="UTF-8"?>
<testsuite xmlns:xsi="http://www.w3.org/2001/XMLSchema-instance" xsi:noNamespaceSchemaLocation="https://maven.apache.org/surefire/maven-surefire-plugin/xsd/surefire-test-report.xsd" version="3.0.2" name="TestSuite" time="27.398" tests="5" errors="0" skipped="0" failures="0">
  <properties>
[...]
</properties>
  <testcase name="verifyValidLogin" classname="tests.LoginTest" time="1.61">
    <system-out><![CDATA[===== Test Execution Started =====
Profile = dev
Loading file = D:\Evening_Selenium_Training\SauceLabsFramework/src/test/resources/config/dev.properties
------------------------------------
Environment : DEV
Loaded File : D:\Evening_Selenium_Training\SauceLabsFramework/src/test/resources/config/dev.properties
------------------------------------
Selected Browser : chrome
Selected Browser : chrome
Selected Browser : chrome
Running Test : verifyAddProductToCart
18:52:03 INFO  AddToCartTest - Starting Add To Cart Test
18:52:03 INFO  LoginPage - Entering Username
Running Test : verifyValidLogin
18:52:03 INFO  LoginTest - Starting Login Test
18:52:03 INFO  LoginPage - Entering Username
Running Test : verifyCartPage
18:52:04 INFO  CartTest - Starting Cart Test
18:52:04 INFO  LoginPage - Entering Username
18:52:04 INFO  LoginPage - Entering Password
18:52:05 INFO  LoginPage - Entering Password
18:52:05 INFO  LoginPage - Clicking Login Button
18:52:05 INFO  LoginPage - Entering Password
18:52:05 INFO  LoginPage - Clicking Login Button
18:52:05 INFO  LoginPage - Clicking Login Button
18:52:05 INFO  InventoryPage - Reading Products Title
18:52:05 INFO  InventoryPage - Clicking Add To Cart
18:52:05 INFO  InventoryPage - Clicking Add To Cart
18:52:06 INFO  InventoryPage - Reading Products Title
18:52:06 INFO  InventoryPage - Reading Cart Badge
18:52:06 INFO  AddToCartTest - Product Added Successfully
18:52:06 INFO  LoginTest - Login Test Passed
verifyValidLogin PASSED
]]></system-out>
    <system-err><![CDATA[SLF4J(W): No SLF4J providers were found.
SLF4J(W): Defaulting to no-operation (NOP) logger implementation
SLF4J(W): See https://www.slf4j.org/codes.html#noProviders for further details.
]]></system-err>
  </testcase>
  <testcase name="verifyAddProductToCart" classname="tests.AddToCartTest" time="1.639">
    <system-out><![CDATA[verifyAddProductToCart PASSED
]]></system-out>
  </testcase>
  <testcase name="verifyCartPage" classname="tests.CartTest" time="2.059">
    <system-out><![CDATA[18:52:06 INFO  InventoryPage - Clicking Cart Icon
18:52:06 INFO  CartPage - Getting Product Name
Selected Browser : chrome
Selected Browser : chrome
18:52:06 INFO  CartTest - Cart Verification Successful
verifyCartPage PASSED
]]></system-out>
  </testcase>
  <testcase name="verifyLogout" classname="tests.LogoutTest" time="2.157">
    <system-out><![CDATA[Running Test : verifyLogout
18:52:08 INFO  LoginPage - Entering Username
Running Test : verifyCheckout
18:52:09 INFO  CheckoutTest - ========== Checkout Test Started ==========
18:52:09 INFO  LoginPage - Entering Username
18:52:09 INFO  LoginPage - Entering Password
18:52:09 INFO  LoginPage - Entering Password
18:52:09 INFO  LoginPage - Clicking Login Button
18:52:09 INFO  LoginPage - Clicking Login Button
18:52:10 INFO  CheckoutTest - Login Successful
18:52:10 INFO  InventoryPage - Reading Products Title
18:52:10 INFO  CheckoutTest - Inventory Page Loaded
18:52:10 INFO  InventoryPage - Clicking Add To Cart
18:52:10 INFO  InventoryPage - Reading Cart Badge
18:52:10 INFO  CheckoutTest - Product Added Successfully
18:52:10 INFO  InventoryPage - Clicking Cart Icon
18:52:10 INFO  CheckoutTest - Cart Opened
18:52:10 INFO  CartPage - Getting Product Name
18:52:10 INFO  CheckoutTest - Product Verified
18:52:10 INFO  CartPage - Clicking Checkout Button
18:52:11 INFO  CheckoutTest - Checkout Page Opened
18:52:11 INFO  CheckoutPage - Waiting for Checkout Page
18:52:11 INFO  CheckoutPage - Current URL : https://www.saucedemo.com/checkout-step-one.html
18:52:11 INFO  CheckoutPage - Current Title : Swag Labs
18:52:11 INFO  CheckoutPage - Entering First Name
Logout Successful
verifyLogout PASSED
]]></system-out>
  </testcase>
  <testcase name="verifyCheckout" classname="tests.CheckoutTest" time="3.656">
    <system-out><![CDATA[18:52:11 INFO  CheckoutPage - Entering Last Name
18:52:11 INFO  CheckoutPage - Entering Postal Code
18:52:11 INFO  CheckoutTest - Checkout Details Entered
18:52:11 INFO  CheckoutPage - Clicking Continue
18:52:12 INFO  CheckoutTest - Continue Button Clicked
18:52:12 INFO  CheckoutOverviewPage - Clicking Finish Button
18:52:12 INFO  CheckoutTest - Finish Button Clicked
18:52:12 INFO  CheckoutCompletePage - Reading Success Message
18:52:12 INFO  CheckoutTest - Order Completed Successfully
18:52:12 INFO  CheckoutTest - ========== Checkout Test Passed ==========
verifyCheckout PASSED
]]></system-out>
  </testcase>
</testsuite>