<?xml version="1.0" encoding="UTF-8"?>
<testng-results ignored="0" total="5" passed="5" failed="0" skipped="0">
  <reporter-output>
  </reporter-output>
  <suite started-at="2026-07-04T18:51:48 IST" name="SauceDemo Suite" finished-at="2026-07-04T18:52:13 IST" duration-ms="24257">
    <groups>
    </groups>
    <test started-at="2026-07-04T18:51:48 IST" name="Regression Tests" finished-at="2026-07-04T18:52:13 IST" duration-ms="24257">
      <class name="tests.LoginTest">
        <test-method is-config="true" signature="setup()[pri:0, instance:tests.LoginTest@56ace400]" started-at="2026-07-04T18:51:48 IST" name="setup" finished-at="2026-07-04T18:52:03 IST" duration-ms="15060" status="PASS">
          <reporter-output>
          </reporter-output>
        </test-method> <!-- setup -->
        <test-method signature="verifyValidLogin()[pri:0, instance:tests.LoginTest@56ace400]" started-at="2026-07-04T18:52:03 IST" name="verifyValidLogin" finished-at="2026-07-04T18:52:06 IST" duration-ms="2166" status="PASS">
          <reporter-output>
          </reporter-output>
        </test-method> <!-- verifyValidLogin -->
        <test-method is-config="true" signature="tearDown()[pri:0, instance:tests.LoginTest@56ace400]" started-at="2026-07-04T18:52:06 IST" name="tearDown" finished-at="2026-07-04T18:52:06 IST" duration-ms="384" status="PASS">
          <reporter-output>
          </reporter-output>
        </test-method> <!-- tearDown -->
      </class> <!-- tests.LoginTest -->
      <class name="tests.AddToCartTest">
        <test-method is-config="true" signature="setup()[pri:0, instance:tests.AddToCartTest@42a9e5d1]" started-at="2026-07-04T18:51:48 IST" name="setup" finished-at="2026-07-04T18:52:03 IST" duration-ms="14563" status="PASS">
          <reporter-output>
          </reporter-output>
        </test-method> <!-- setup -->
        <test-method signature="verifyAddProductToCart()[pri:0, instance:tests.AddToCartTest@42a9e5d1]" started-at="2026-07-04T18:52:03 IST" name="verifyAddProductToCart" finished-at="2026-07-04T18:52:06 IST" duration-ms="2660" status="PASS">
          <reporter-output>
          </reporter-output>
        </test-method> <!-- verifyAddProductToCart -->
        <test-method is-config="true" signature="tearDown()[pri:0, instance:tests.AddToCartTest@42a9e5d1]" started-at="2026-07-04T18:52:06 IST" name="tearDown" finished-at="2026-07-04T18:52:06 IST" duration-ms="409" status="PASS">
          <reporter-output>
          </reporter-output>
        </test-method> <!-- tearDown -->
      </class> <!-- tests.AddToCartTest -->
      <class name="tests.CartTest">
        <test-method is-config="true" signature="setup()[pri:0, instance:tests.CartTest@5b080f3a]" started-at="2026-07-04T18:51:48 IST" name="setup" finished-at="2026-07-04T18:52:04 IST" duration-ms="15634" status="PASS">
          <reporter-output>
          </reporter-output>
        </test-method> <!-- setup -->
        <test-method signature="verifyCartPage()[pri:0, instance:tests.CartTest@5b080f3a]" started-at="2026-07-04T18:52:04 IST" name="verifyCartPage" finished-at="2026-07-04T18:52:06 IST" duration-ms="2060" status="PASS">
          <reporter-output>
          </reporter-output>
        </test-method> <!-- verifyCartPage -->
        <test-method is-config="true" signature="tearDown()[pri:0, instance:tests.CartTest@5b080f3a]" started-at="2026-07-04T18:52:06 IST" name="tearDown" finished-at="2026-07-04T18:52:06 IST" duration-ms="408" status="PASS">
          <reporter-output>
          </reporter-output>
        </test-method> <!-- tearDown -->
      </class> <!-- tests.CartTest -->
      <class name="tests.CheckoutTest">
        <test-method is-config="true" signature="setup()[pri:0, instance:tests.CheckoutTest@773cbf4f]" started-at="2026-07-04T18:52:06 IST" name="setup" finished-at="2026-07-04T18:52:09 IST" duration-ms="2549" status="PASS">
          <reporter-output>
          </reporter-output>
        </test-method> <!-- setup -->
        <test-method signature="verifyCheckout()[pri:0, instance:tests.CheckoutTest@773cbf4f]" started-at="2026-07-04T18:52:09 IST" name="verifyCheckout" finished-at="2026-07-04T18:52:12 IST" duration-ms="3655" status="PASS">
          <reporter-output>
          </reporter-output>
        </test-method> <!-- verifyCheckout -->
        <test-method is-config="true" signature="tearDown()[pri:0, instance:tests.CheckoutTest@773cbf4f]" started-at="2026-07-04T18:52:12 IST" name="tearDown" finished-at="2026-07-04T18:52:13 IST" duration-ms="328" status="PASS">
          <reporter-output>
          </reporter-output>
        </test-method> <!-- tearDown -->
      </class> <!-- tests.CheckoutTest -->
      <class name="tests.LogoutTest">
        <test-method is-config="true" signature="setup()[pri:0, instance:tests.LogoutTest@6b54655f]" started-at="2026-07-04T18:52:06 IST" name="setup" finished-at="2026-07-04T18:52:08 IST" duration-ms="1948" status="PASS">
          <reporter-output>
          </reporter-output>
        </test-method> <!-- setup -->
        <test-method signature="verifyLogout()[pri:0, instance:tests.LogoutTest@6b54655f]" started-at="2026-07-04T18:52:08 IST" name="verifyLogout" finished-at="2026-07-04T18:52:11 IST" duration-ms="2732" status="PASS">
          <reporter-output>
          </reporter-output>
        </test-method> <!-- verifyLogout -->
        <test-method is-config="true" signature="tearDown()[pri:0, instance:tests.LogoutTest@6b54655f]" started-at="2026-07-04T18:52:11 IST" name="tearDown" finished-at="2026-07-04T18:52:11 IST" duration-ms="283" status="PASS">
          <reporter-output>
          </reporter-output>
        </test-method> <!-- tearDown -->
      </class> <!-- tests.LogoutTest -->
    </test> <!-- Regression Tests -->
  </suite> <!-- SauceDemo Suite -->
</testng-results>
