<?xml version="1.0" encoding="UTF-8"?>
<testng-results ignored="0" total="1" passed="1" failed="0" skipped="0">
  <reporter-output>
  </reporter-output>
  <suite started-at="2026-07-03T22:35:14 IST" name="Default suite" finished-at="2026-07-03T22:35:18 IST" duration-ms="3584">
    <groups>
    </groups>
    <test started-at="2026-07-03T22:35:14 IST" name="Default test" finished-at="2026-07-03T22:35:18 IST" duration-ms="3584">
      <class name="tests.LoginTest">
        <test-method is-config="true" signature="setup()[pri:0, instance:tests.LoginTest@2826f61]" started-at="2026-07-03T22:35:14 IST" name="setup" finished-at="2026-07-03T22:35:17 IST" duration-ms="2345" status="PASS">
          <reporter-output>
          </reporter-output>
        </test-method> <!-- setup -->
        <test-method signature="verifyValidLogin()[pri:0, instance:tests.LoginTest@2826f61]" started-at="2026-07-03T22:35:17 IST" name="verifyValidLogin" finished-at="2026-07-03T22:35:18 IST" duration-ms="892" status="PASS">
          <reporter-output>
          </reporter-output>
        </test-method> <!-- verifyValidLogin -->
        <test-method is-config="true" signature="tearDown()[pri:0, instance:tests.LoginTest@2826f61]" started-at="2026-07-03T22:35:18 IST" name="tearDown" finished-at="2026-07-03T22:35:18 IST" duration-ms="298" status="PASS">
          <reporter-output>
          </reporter-output>
        </test-method> <!-- tearDown -->
      </class> <!-- tests.LoginTest -->
    </test> <!-- Default test -->
  </suite> <!-- Default suite -->
</testng-results>
