<?xml version="1.0" encoding="UTF-8"?>
<!-- Generated by org.testng.reporters.JUnitXMLReporter -->
<testsuite ignored="0" hostname="LAPTOP-VRR6SMTC" failures="0" tests="5" name="Regression Tests" time="19.877" errors="0" timestamp="2026-07-03T22:14:13 IST">
  <testcase classname="tests.LoginTest" name="verifyValidLogin" time="2.784"/>
  <testcase classname="tests.AddToCartTest" name="verifyAddProductToCart" time="3.456"/>
  <testcase classname="tests.CartTest" name="verifyCartPage" time="4.529"/>
  <testcase classname="tests.LogoutTest" name="verifyLogout" time="2.747"/>
  <testcase classname="tests.CheckoutTest" name="verifyCheckout" time="5.027"/>
</testsuite> <!-- Regression Tests -->
