<?xml version="1.0" encoding="UTF-8"?>
<!-- Generated by org.testng.reporters.JUnitReportReporter -->
<testsuite hostname="LAPTOP-VRR6SMTC" failures="0" tests="6" name="tests.LoginDataDrivenTest" time="24.743" errors="0" timestamp="2026-07-03T21:29:06 IST" skipped="0">
  <testcase classname="tests.LoginDataDrivenTest" name="verifyLogin" time="2.667"/>
  <testcase classname="tests.LoginDataDrivenTest" name="verifyLogin" time="3.144"/>
  <testcase classname="tests.LoginDataDrivenTest" name="verifyLogin" time="2.958"/>
  <testcase classname="tests.LoginDataDrivenTest" name="verifyLogin" time="7.703"/>
  <testcase classname="tests.LoginDataDrivenTest" name="verifyLogin" time="2.883"/>
  <testcase classname="tests.LoginDataDrivenTest" name="verifyLogin" time="5.388"/>
</testsuite> <!-- tests.LoginDataDrivenTest -->
